frontend/modules/roxy-alarm/android/build/intermediates/manifest_merge_blame_file/debug/processDebugManifest/manifest-merger-blame-debug-report.txt
1<?xml version="1.0" encoding="utf-8"?>
2<manifest xmlns:android="http://schemas.android.com/apk/res/android"
3    package="com.roxy.alarm" >
4
5    <uses-sdk android:minSdkVersion="24" />
6
7    <uses-permission android:name="android.permission.POST_NOTIFICATIONS" />
7-->src\main\AndroidManifest.xml:2:3-75
7-->src\main\AndroidManifest.xml:2:20-72
8    <uses-permission android:name="android.permission.SCHEDULE_EXACT_ALARM" />
8-->src\main\AndroidManifest.xml:3:3-77
8-->src\main\AndroidManifest.xml:3:20-74
9
10    <application>
10-->src\main\AndroidManifest.xml:5:3-10:17
11        <receiver
11-->src\main\AndroidManifest.xml:6:5-9:34
12            android:name="com.roxy.alarm.RoxyTestAlarmReceiver"
12-->src\main\AndroidManifest.xml:7:7-58
13            android:enabled="true"
13-->src\main\AndroidManifest.xml:8:7-29
14            android:exported="false" />
14-->src\main\AndroidManifest.xml:9:7-31
15    </application>
16
17</manifest>